<?xml version="1.0" encoding="UTF-8"?>
<testng-results ignored="0" total="1" passed="1" failed="0" skipped="0">
  <reporter-output>
  </reporter-output>
  <suite started-at="2023-12-02T22:55:50 IST" name="Default suite" finished-at="2023-12-02T22:55:54 IST" duration-ms="4375">
    <groups>
    </groups>
    <test started-at="2023-12-02T22:55:50 IST" name="Default test" finished-at="2023-12-02T22:55:54 IST" duration-ms="4375">
      <class name="day3.PathAndQueryParameters">
        <test-method signature="testQueryAndPathParameters()[pri:0, instance:day3.PathAndQueryParameters@7b9a4292]" started-at="2023-12-02T22:55:50 IST" name="testQueryAndPathParameters" finished-at="2023-12-02T22:55:54 IST" duration-ms="4241" status="PASS">
          <reporter-output>
          </reporter-output>
        </test-method> <!-- testQueryAndPathParameters -->
      </class> <!-- day3.PathAndQueryParameters -->
    </test> <!-- Default test -->
  </suite> <!-- Default suite -->
</testng-results>
