<?xml version="1.0" encoding="UTF-8"?>
<testng-results ignored="0" total="1" passed="1" failed="0" skipped="0">
  <reporter-output>
  </reporter-output>
  <suite started-at="2023-12-05T13:29:41 IST" name="Default suite" finished-at="2023-12-05T13:29:44 IST" duration-ms="2906">
    <groups>
    </groups>
    <test started-at="2023-12-05T13:29:41 IST" name="Default test" finished-at="2023-12-05T13:29:44 IST" duration-ms="2906">
      <class name="day3.LogsDemo">
        <test-method signature="testLogs()[pri:0, instance:day3.LogsDemo@7b9a4292]" started-at="2023-12-05T13:29:41 IST" name="testLogs" finished-at="2023-12-05T13:29:44 IST" duration-ms="2830" status="PASS">
          <reporter-output>
          </reporter-output>
        </test-method> <!-- testLogs -->
      </class> <!-- day3.LogsDemo -->
    </test> <!-- Default test -->
  </suite> <!-- Default suite -->
</testng-results>
